[08/23/2022 19:52:42] Debug: Session id: e1a58da6-3bdc-486a-a0a5-108aed899ce8
[08/23/2022 19:52:42] Debug: Code Processor information: Name :SnowConvert, Version: 7.11.102.0
[08/23/2022 19:52:43] Debug: Getting license
[08/23/2022 19:52:43] Debug: License information
	Status: Failed
	Message: No active license available.
[08/23/2022 19:52:43] Info: Starting to validate parameters
[08/23/2022 19:52:43] Info: Parameters to validate: 
	Execution mode: Conversion
	LICENSE_KEY: a3372138-b87e-4a08-b929-3b48b24c63f1
[08/23/2022 19:52:43] Info: Validation of parameters: Success
[08/23/2022 19:52:43] Debug: Getting code descriptor
[08/23/2022 19:52:43] Debug: Code descriptor information
	Units: 51
	Units type: LOC
	All file bytes: 2141
	All found extensions: .sql,.dml,.ddl,.bteq,.btq,.fl,.fload,.ml,.mload,.mld,.tp,.tpump,.tpt
[08/23/2022 19:52:43] Debug: Calculating fingerprint
[08/23/2022 19:52:43] Debug: Fingerprint information Fingerprint(size=2141,projects=1)
[08/23/2022 19:52:43] Info: Starting to try to validate online license for execution
[08/23/2022 19:52:45] Debug: Getting license
[08/23/2022 19:52:45] Debug: License information
	Status: Failed
	Message: No active license available.
[08/23/2022 19:52:45] Debug: Starting the execution of the controller
[08/23/2022 19:52:46] Debug: Executing the worker: SnowConvert
[08/23/2022 19:52:59] Debug: Finished executing the worker: SnowConvert
[08/23/2022 19:53:01] Info: Controller execution ended
